<?xml version="1.0" encoding="UTF-8"?>
<!-- Generated by org.testng.reporters.JUnitReportReporter -->
<testsuite hostname="IP4-779" name="databasetest.LaunchFF" tests="1" failures="0" timestamp="21 Sep 2016 13:17:44 GMT" time="1.972" errors="0">
  <testcase name="firefox" time="1.972" classname="databasetest.LaunchFF"/>
</testsuite> <!-- databasetest.LaunchFF -->
